client/android/app/release/mapping.txt
# compiler: R8
# compiler_version: 4.0.48
# min_api: 26
# common_typos_disable
# {"id":"com.android.tools.r8.mapping","version":"2.1"}
# pg_map_id: 78d24c2
# pg_map_hash: SHA-256 78d24c22872378863646214e5cc211e65579b45db98059f1f8d77b8f384c0e02
com.buachaillmaith.ketolimit.MainActivity -> com.buachaillmaith.ketolimit.MainActivity:
    com.facebook.react.ReactActivityDelegate createReactActivityDelegate() -> P
    java.lang.String getMainComponentName() -> Q
com.buachaillmaith.ketolimit.MainActivity$MainActivityDelegate -> com.buachaillmaith.ketolimit.MainActivity$a:
    com.facebook.react.ReactRootView createRootView() -> d
    boolean isConcurrentRootEnabled() -> k
com.buachaillmaith.ketolimit.MainApplication -> com.buachaillmaith.ketolimit.MainApplication:
    com.facebook.react.ReactNativeHost mNewArchitectureNativeHost -> b
    com.facebook.react.ReactNativeHost mReactNativeHost -> a
    com.facebook.react.ReactNativeHost getReactNativeHost() -> a
    void initializeFlipper(android.content.Context,com.facebook.react.ReactInstanceManager) -> b
com.buachaillmaith.ketolimit.MainApplication$1 -> com.buachaillmaith.ketolimit.MainApplication$a:
    com.buachaillmaith.ketolimit.MainApplication this$0 -> c
    java.lang.String getJSMainModuleName() -> f
    java.util.List getPackages() -> h
    boolean getUseDeveloperSupport() -> o
com.buachaillmaith.ketolimit.newarchitecture.MainApplicationReactNativeHost -> l1.a:
    com.facebook.react.bridge.JSIModulePackage getJSIModulePackage() -> e
    java.lang.String getJSMainModuleName() -> f
    java.util.List getPackages() -> h
    com.facebook.react.ReactPackageTurboModuleManagerDelegate$Builder getReactPackageTurboModuleManagerDelegateBuilder() -> j
    boolean getUseDeveloperSupport() -> o
com.buachaillmaith.ketolimit.newarchitecture.MainApplicationReactNativeHost$1 -> l1.a$a:
    com.buachaillmaith.ketolimit.newarchitecture.MainApplicationReactNativeHost this$0 -> a
com.buachaillmaith.ketolimit.newarchitecture.MainApplicationReactNativeHost$1$1 -> l1.a$a$a:
    com.facebook.react.bridge.ReactApplicationContext val$reactApplicationContext -> a
    com.buachaillmaith.ketolimit.newarchitecture.MainApplicationReactNativeHost$1 this$1 -> b
com.buachaillmaith.ketolimit.newarchitecture.modules.MainApplicationTurboModuleManagerDelegate -> com.buachaillmaith.ketolimit.newarchitecture.modules.MainApplicationTurboModuleManagerDelegate:
    boolean sIsSoLibraryLoaded -> d
com.buachaillmaith.ketolimit.newarchitecture.modules.MainApplicationTurboModuleManagerDelegate$Builder -> com.buachaillmaith.ketolimit.newarchitecture.modules.MainApplicationTurboModuleManagerDelegate$a:
    com.facebook.react.ReactPackageTurboModuleManagerDelegate build(com.facebook.react.bridge.ReactApplicationContext,java.util.List) -> b
    com.buachaillmaith.ketolimit.newarchitecture.modules.MainApplicationTurboModuleManagerDelegate build(com.facebook.react.bridge.ReactApplicationContext,java.util.List) -> e
...
com.swmansion.gesturehandler.react.RNGestureHandlerEvent$Companion -> com.swmansion.gesturehandler.react.d$a:
    com.facebook.react.bridge.WritableMap createEventData(com.swmansion.gesturehandler.core.GestureHandler,com.swmansion.gesturehandler.react.RNGestureHandlerEventDataExtractor) -> a
    com.swmansion.gesturehandler.react.RNGestureHandlerEvent obtain(com.swmansion.gesturehandler.core.GestureHandler,com.swmansion.gesturehandler.react.RNGestureHandlerEventDataExtractor,boolean) -> b
    com.swmansion.gesturehandler.react.RNGestureHandlerEvent obtain$default(com.swmansion.gesturehandler.react.RNGestureHandlerEvent$Companion,com.swmansion.gesturehandler.core.GestureHandler,com.swmansion.gesturehandler.react.RNGestureHandlerEventDataExtractor,boolean,int,java.lang.Object) -> c
com.swmansion.gesturehandler.react.RNGestureHandlerEventDataExtractor -> com.swmansion.gesturehandler.react.e:
    void extractEventData(com.swmansion.gesturehandler.core.GestureHandler,com.facebook.react.bridge.WritableMap) -> a
com.swmansion.gesturehandler.react.RNGestureHandlerInteractionManager -> com.swmansion.gesturehandler.react.f:
    com.swmansion.gesturehandler.react.RNGestureHandlerInteractionManager$Companion Companion -> c
    android.util.SparseArray waitForRelations -> a
    android.util.SparseArray simultaneousRelations -> b
    boolean shouldHandlerBeCancelledBy(com.swmansion.gesturehandler.core.GestureHandler,com.swmansion.gesturehandler.core.GestureHandler) -> a
    boolean shouldRequireHandlerToWaitForFailure(com.swmansion.gesturehandler.core.GestureHandler,com.swmansion.gesturehandler.core.GestureHandler) -> b
    boolean shouldWaitForHandlerFailure(com.swmansion.gesturehandler.core.GestureHandler,com.swmansion.gesturehandler.core.GestureHandler) -> c
    boolean shouldRecognizeSimultaneously(com.swmansion.gesturehandler.core.GestureHandler,com.swmansion.gesturehandler.core.GestureHandler) -> d
    void configureInteractions(com.swmansion.gesturehandler.core.GestureHandler,com.facebook.react.bridge.ReadableMap) -> e
    int[] convertHandlerTagsArray(com.facebook.react.bridge.ReadableMap,java.lang.String) -> f
    void dropRelationsForHandlerWithTag(int) -> g
    void reset() -> h
com.swmansion.gesturehandler.react.RNGestureHandlerInteractionManager$Companion -> com.swmansion.gesturehandler.react.f$a:
com.swmansion.gesturehandler.react.RNGestureHandlerModule$Companion -> com.swmansion.gesturehandler.react.RNGestureHandlerModule$a:
    void access$handleHitSlopProperty(com.swmansion.gesturehandler.react.RNGestureHandlerModule$Companion,com.swmansion.gesturehandler.core.GestureHandler,com.facebook.react.bridge.ReadableMap) -> a
    void handleHitSlopProperty(com.swmansion.gesturehandler.core.GestureHandler,com.facebook.react.bridge.ReadableMap) -> b
com.swmansion.gesturehandler.react.RNGestureHandlerModule$FlingGestureHandlerFactory -> com.swmansion.gesturehandler.react.RNGestureHandlerModule$b:
    java.lang.Class type -> a
    java.lang.String name -> b
    void extractEventData(com.swmansion.gesturehandler.core.GestureHandler,com.facebook.react.bridge.WritableMap) -> a
    void configure(com.swmansion.gesturehandler.core.GestureHandler,com.facebook.react.bridge.ReadableMap) -> b
    com.swmansion.gesturehandler.core.GestureHandler create(android.content.Context) -> c
    java.lang.String getName() -> d
    java.lang.Class getType() -> e
    void configure(com.swmansion.gesturehandler.core.FlingGestureHandler,com.facebook.react.bridge.ReadableMap) -> f
    com.swmansion.gesturehandler.core.FlingGestureHandler create(android.content.Context) -> g
    void extractEventData(com.swmansion.gesturehandler.core.FlingGestureHandler,com.facebook.react.bridge.WritableMap) -> h